<?xml version="1.0" encoding="UTF-8" ?>
<testsuite failures="0" time="10.733" errors="0" skipped="0" tests="5" name="au.edu.jcu.fascinator.plugin.harvester.directory.DirectoryNameHarvesterTest">
  <properties>
[...]
</properties>
  <testcase time="1.535" classname="au.edu.jcu.fascinator.plugin.harvester.directory.DirectoryNameHarvesterTest" name="testEdgar"/>
  <testcase time="0.033" classname="au.edu.jcu.fascinator.plugin.harvester.directory.DirectoryNameHarvesterTest" name="getObjectIdList"/>
  <testcase time="0.061" classname="au.edu.jcu.fascinator.plugin.harvester.directory.DirectoryNameHarvesterTest" name="getObjectIdListMultipleTargets"/>
  <testcase time="5.33" classname="au.edu.jcu.fascinator.plugin.harvester.directory.DirectoryNameHarvesterTest" name="getObjectIdListWithCachingChanges"/>
  <testcase time="3.754" classname="au.edu.jcu.fascinator.plugin.harvester.directory.DirectoryNameHarvesterTest" name="getObjectIdListWithCachingNoChanges"/>
</testsuite>